<?xml version="1.0" encoding="UTF-8"?>
<!-- Generated by org.testng.reporters.JUnitReportReporter -->
<testsuite hostname="DESKTOP-47P2MTB" failures="0" tests="4" name="api.test.UserTests" time="7.372" errors="0" timestamp="2023-06-23T17:46:30 IST" skipped="0">
  <testcase classname="api.test.UserTests" name="testPostUser" time="4.083"/>
  <system-out/>
  <testcase classname="api.test.UserTests" name="testgetUser" time="1.148"/>
  <system-out/>
  <testcase classname="api.test.UserTests" name="testPutUser" time="1.069"/>
  <system-out/>
  <testcase classname="api.test.UserTests" name="testdeleteUser" time="1.072"/>
  <system-out/>
</testsuite> <!-- api.test.UserTests -->
